2020-09-15 16:24:34,302 - E:/SelfWork/python/ADBcontroller/start.py[line:35] - INFO: 按如下模板设置启动参数....
2020-09-15 16:24:34,302 - E:/SelfWork/python/ADBcontroller/start.py[line:35] - INFO: 按如下模板设置启动参数....
2020-09-15 16:24:34,302 - E:/SelfWork/python/ADBcontroller/start.py[line:35] - INFO: 按如下模板设置启动参数....
2020-09-15 16:26:05,849 - E:/SelfWork/python/ADBcontroller/start.py[line:35] - INFO: 按如下模板设置启动参数....
2020-09-15 16:26:05,849 - E:/SelfWork/python/ADBcontroller/start.py[line:35] - INFO: 按如下模板设置启动参数....
2020-09-15 16:26:05,849 - E:/SelfWork/python/ADBcontroller/start.py[line:35] - INFO: 按如下模板设置启动参数....
2020-09-15 16:29:10,406 - E:/SelfWork/python/ADBcontroller/start.py[line:35] - INFO: 按如下模板设置启动参数....
2020-09-15 16:29:10,406 - E:/SelfWork/python/ADBcontroller/start.py[line:35] - INFO: 按如下模板设置启动参数....
2020-09-15 16:29:52,354 - E:/SelfWork/python/ADBcontroller/start.py[line:35] - INFO: 按如下模板设置启动参数....
2020-09-15 16:29:52,354 - E:/SelfWork/python/ADBcontroller/start.py[line:35] - INFO: 按如下模板设置启动参数....
2020-09-15 16:29:52,354 - E:/SelfWork/python/ADBcontroller/start.py[line:35] - INFO: 按如下模板设置启动参数....
2020-09-15 16:35:47,910 - E:/SelfWork/python/ADBcontroller/start.py[line:35] - INFO: 按如下模板设置启动参数....
2020-09-15 16:37:14,173 - E:/SelfWork/python/ADBcontroller/start.py[line:35] - INFO: 按如下模板设置启动参数....
2020-09-15 16:37:36,179 - E:\SelfWork\python\ADBcontroller\service\TranscribeThread.py[line:100] - INFO: 截图上传完毕!
2020-09-15 16:37:43,847 - E:\SelfWork\python\ADBcontroller\service\TranscribeThread.py[line:100] - INFO: 截图上传完毕!
2020-09-15 16:37:55,606 - E:\SelfWork\python\ADBcontroller\service\TranscribeThread.py[line:100] - INFO: 截图上传完毕!
2020-09-15 16:41:50,223 - E:/SelfWork/python/ADBcontroller/start.py[line:35] - INFO: 按如下模板设置启动参数....
2020-09-15 16:42:39,301 - E:/SelfWork/python/ADBcontroller/start.py[line:35] - INFO: 按如下模板设置启动参数....
2020-09-15 16:44:57,296 - E:/SelfWork/python/ADBcontroller/start.py[line:35] - INFO: 按如下模板设置启动参数....
2020-09-15 16:49:06,285 - E:/SelfWork/python/ADBcontroller/start.py[line:35] - INFO: 按如下模板设置启动参数....
2020-09-15 16:49:41,752 - E:/SelfWork/python/ADBcontroller/start.py[line:35] - INFO: 按如下模板设置启动参数....
2020-09-15 16:58:20,562 - E:/SelfWork/python/ADBcontroller/start.py[line:35] - INFO: 按如下模板设置启动参数....
2020-09-15 16:59:22,769 - E:/SelfWork/python/ADBcontroller/start.py[line:35] - INFO: 按如下模板设置启动参数....
2020-09-15 16:59:24,758 - E:\SelfWork\python\ADBcontroller\ui\WindowMain.py[line:261] - INFO: 截图成功回调
2020-09-15 16:59:25,865 - E:\SelfWork\python\ADBcontroller\ui\WindowMain.py[line:261] - INFO: 截图成功回调
2020-09-15 16:59:26,973 - E:\SelfWork\python\ADBcontroller\ui\WindowMain.py[line:261] - INFO: 截图成功回调
2020-09-15 16:59:28,071 - E:\SelfWork\python\ADBcontroller\ui\WindowMain.py[line:261] - INFO: 截图成功回调
2020-09-15 16:59:29,197 - E:\SelfWork\python\ADBcontroller\ui\WindowMain.py[line:261] - INFO: 截图成功回调
2020-09-15 16:59:30,341 - E:\SelfWork\python\ADBcontroller\ui\WindowMain.py[line:261] - INFO: 截图成功回调
2020-09-15 16:59:31,475 - E:\SelfWork\python\ADBcontroller\ui\WindowMain.py[line:261] - INFO: 截图成功回调
2020-09-15 16:59:32,611 - E:\SelfWork\python\ADBcontroller\ui\WindowMain.py[line:261] - INFO: 截图成功回调
2020-09-15 16:59:33,725 - E:\SelfWork\python\ADBcontroller\ui\WindowMain.py[line:261] - INFO: 截图成功回调
2020-09-15 16:59:34,855 - E:\SelfWork\python\ADBcontroller\ui\WindowMain.py[line:261] - INFO: 截图成功回调
2020-09-15 17:02:44,869 - E:/SelfWork/python/ADBcontroller/start.py[line:35] - INFO: 按如下模板设置启动参数....
2020-09-15 17:02:47,079 - E:\SelfWork\python\ADBcontroller\ui\WindowMain.py[line:265] - INFO: 截图成功回调
2020-09-15 17:02:48,195 - E:\SelfWork\python\ADBcontroller\ui\WindowMain.py[line:265] - INFO: 截图成功回调
2020-09-15 17:02:49,300 - E:\SelfWork\python\ADBcontroller\ui\WindowMain.py[line:265] - INFO: 截图成功回调
2020-09-15 17:02:50,423 - E:\SelfWork\python\ADBcontroller\ui\WindowMain.py[line:265] - INFO: 截图成功回调
2020-09-15 17:02:51,548 - E:\SelfWork\python\ADBcontroller\ui\WindowMain.py[line:265] - INFO: 截图成功回调
2020-09-15 17:05:38,966 - E:/SelfWork/python/ADBcontroller/start.py[line:35] - INFO: 按如下模板设置启动参数....
2020-09-15 17:05:46,300 - E:\SelfWork\python\ADBcontroller\ui\WindowMain.py[line:266] - INFO: 截图成功回调
2020-09-15 17:05:47,423 - E:\SelfWork\python\ADBcontroller\ui\WindowMain.py[line:266] - INFO: 截图成功回调
2020-09-15 17:05:48,526 - E:\SelfWork\python\ADBcontroller\ui\WindowMain.py[line:266] - INFO: 截图成功回调
2020-09-15 17:05:49,631 - E:\SelfWork\python\ADBcontroller\ui\WindowMain.py[line:266] - INFO: 截图成功回调
2020-09-15 17:05:50,743 - E:\SelfWork\python\ADBcontroller\ui\WindowMain.py[line:266] - INFO: 截图成功回调
2020-09-15 17:05:51,849 - E:\SelfWork\python\ADBcontroller\ui\WindowMain.py[line:266] - INFO: 截图成功回调
2020-09-15 17:05:52,989 - E:\SelfWork\python\ADBcontroller\ui\WindowMain.py[line:266] - INFO: 截图成功回调
2020-09-15 17:05:54,100 - E:\SelfWork\python\ADBcontroller\ui\WindowMain.py[line:266] - INFO: 截图成功回调
2020-09-15 17:05:55,215 - E:\SelfWork\python\ADBcontroller\ui\WindowMain.py[line:266] - INFO: 截图成功回调
2020-09-15 17:05:56,333 - E:\SelfWork\python\ADBcontroller\ui\WindowMain.py[line:266] - INFO: 截图成功回调
2020-09-15 17:05:57,439 - E:\SelfWork\python\ADBcontroller\ui\WindowMain.py[line:266] - INFO: 截图成功回调
2020-09-15 17:06:03,280 - E:\SelfWork\python\ADBcontroller\ui\WindowMain.py[line:266] - INFO: 截图成功回调
2020-09-15 17:06:04,573 - E:\SelfWork\python\ADBcontroller\ui\WindowMain.py[line:266] - INFO: 截图成功回调
2020-09-15 17:06:04,574 - E:\SelfWork\python\ADBcontroller\ui\WindowMain.py[line:266] - INFO: 截图成功回调
2020-09-15 17:06:04,575 - E:\SelfWork\python\ADBcontroller\ui\WindowMain.py[line:266] - INFO: 截图成功回调
2020-09-15 17:06:04,577 - E:\SelfWork\python\ADBcontroller\ui\WindowMain.py[line:266] - INFO: 截图成功回调
2020-09-15 17:06:04,578 - E:\SelfWork\python\ADBcontroller\ui\WindowMain.py[line:266] - INFO: 截图成功回调
2020-09-15 17:06:05,206 - E:\SelfWork\python\ADBcontroller\ui\WindowMain.py[line:266] - INFO: 截图成功回调
2020-09-15 17:06:06,313 - E:\SelfWork\python\ADBcontroller\ui\WindowMain.py[line:266] - INFO: 截图成功回调
2020-09-15 17:06:07,423 - E:\SelfWork\python\ADBcontroller\ui\WindowMain.py[line:266] - INFO: 截图成功回调
2020-09-15 17:06:33,537 - E:/SelfWork/python/ADBcontroller/start.py[line:35] - INFO: 按如下模板设置启动参数....
2020-09-15 17:06:39,294 - E:\SelfWork\python\ADBcontroller\ui\WindowMain.py[line:266] - INFO: 截图成功回调
2020-09-15 17:06:49,409 - E:\SelfWork\python\ADBcontroller\ui\WindowMain.py[line:266] - INFO: 截图成功回调
2020-09-15 17:07:23,559 - E:/SelfWork/python/ADBcontroller/start.py[line:35] - INFO: 按如下模板设置启动参数....
2020-09-15 17:07:31,673 - E:\SelfWork\python\ADBcontroller\ui\WindowMain.py[line:266] - INFO: 截图成功回调
2020-09-15 17:07:41,789 - E:\SelfWork\python\ADBcontroller\ui\WindowMain.py[line:266] - INFO: 截图成功回调
2020-09-15 17:07:51,895 - E:\SelfWork\python\ADBcontroller\ui\WindowMain.py[line:266] - INFO: 截图成功回调
2020-09-15 17:08:03,860 - E:\SelfWork\python\ADBcontroller\ui\WindowMain.py[line:266] - INFO: 截图成功回调
2020-09-15 17:08:12,128 - E:\SelfWork\python\ADBcontroller\ui\WindowMain.py[line:266] - INFO: 截图成功回调
2020-09-15 17:09:24,918 - E:/SelfWork/python/ADBcontroller/start.py[line:35] - INFO: 按如下模板设置启动参数....
2020-09-15 17:09:27,127 - E:\SelfWork\python\ADBcontroller\ui\WindowMain.py[line:267] - INFO: 截图成功回调
2020-09-15 17:09:37,244 - E:\SelfWork\python\ADBcontroller\ui\WindowMain.py[line:267] - INFO: 截图成功回调
2020-09-15 17:09:47,390 - E:\SelfWork\python\ADBcontroller\ui\WindowMain.py[line:267] - INFO: 截图成功回调
2020-09-15 17:09:57,507 - E:\SelfWork\python\ADBcontroller\ui\WindowMain.py[line:267] - INFO: 截图成功回调
2020-09-15 17:10:07,613 - E:\SelfWork\python\ADBcontroller\ui\WindowMain.py[line:267] - INFO: 截图成功回调
2020-09-15 17:10:17,722 - E:\SelfWork\python\ADBcontroller\ui\WindowMain.py[line:267] - INFO: 截图成功回调
2020-09-15 17:10:27,823 - E:\SelfWork\python\ADBcontroller\ui\WindowMain.py[line:267] - INFO: 截图成功回调
2020-09-15 17:10:37,929 - E:\SelfWork\python\ADBcontroller\ui\WindowMain.py[line:267] - INFO: 截图成功回调
2020-09-15 17:10:48,048 - E:\SelfWork\python\ADBcontroller\ui\WindowMain.py[line:267] - INFO: 截图成功回调
2020-09-15 17:10:58,147 - E:\SelfWork\python\ADBcontroller\ui\WindowMain.py[line:267] - INFO: 截图成功回调
2020-09-15 17:11:08,254 - E:\SelfWork\python\ADBcontroller\ui\WindowMain.py[line:267] - INFO: 截图成功回调
2020-09-15 17:11:18,371 - E:\SelfWork\python\ADBcontroller\ui\WindowMain.py[line:267] - INFO: 截图成功回调
2020-09-15 17:11:28,480 - E:\SelfWork\python\ADBcontroller\ui\WindowMain.py[line:267] - INFO: 截图成功回调
2020-09-15 17:11:38,228 - E:/SelfWork/python/ADBcontroller/start.py[line:35] - INFO: 按如下模板设置启动参数....
2020-09-15 17:11:40,639 - E:\SelfWork\python\ADBcontroller\ui\WindowMain.py[line:267] - INFO: 截图成功回调
2020-09-15 17:11:50,735 - E:\SelfWork\python\ADBcontroller\ui\WindowMain.py[line:267] - INFO: 截图成功回调
2020-09-15 17:12:00,830 - E:\SelfWork\python\ADBcontroller\ui\WindowMain.py[line:267] - INFO: 截图成功回调
2020-09-15 17:12:10,926 - E:\SelfWork\python\ADBcontroller\ui\WindowMain.py[line:267] - INFO: 截图成功回调
2020-09-15 17:12:21,050 - E:\SelfWork\python\ADBcontroller\ui\WindowMain.py[line:267] - INFO: 截图成功回调
2020-09-15 17:12:31,160 - E:\SelfWork\python\ADBcontroller\ui\WindowMain.py[line:267] - INFO: 截图成功回调
2020-09-15 17:12:41,256 - E:\SelfWork\python\ADBcontroller\ui\WindowMain.py[line:267] - INFO: 截图成功回调
2020-09-15 17:12:51,381 - E:\SelfWork\python\ADBcontroller\ui\WindowMain.py[line:267] - INFO: 截图成功回调
2020-09-15 17:13:01,506 - E:\SelfWork\python\ADBcontroller\ui\WindowMain.py[line:267] - INFO: 截图成功回调
2020-09-15 17:13:11,595 - E:\SelfWork\python\ADBcontroller\ui\WindowMain.py[line:267] - INFO: 截图成功回调
2020-09-15 17:13:21,692 - E:\SelfWork\python\ADBcontroller\ui\WindowMain.py[line:267] - INFO: 截图成功回调
2020-09-15 17:13:31,789 - E:\SelfWork\python\ADBcontroller\ui\WindowMain.py[line:267] - INFO: 截图成功回调
2020-09-15 17:13:41,906 - E:\SelfWork\python\ADBcontroller\ui\WindowMain.py[line:267] - INFO: 截图成功回调
2020-09-15 17:13:52,010 - E:\SelfWork\python\ADBcontroller\ui\WindowMain.py[line:267] - INFO: 截图成功回调
2020-09-15 17:14:02,110 - E:\SelfWork\python\ADBcontroller\ui\WindowMain.py[line:267] - INFO: 截图成功回调
2020-09-15 17:14:11,073 - E:/SelfWork/python/ADBcontroller/start.py[line:35] - INFO: 按如下模板设置启动参数....
2020-09-15 17:14:33,934 - E:/SelfWork/python/ADBcontroller/start.py[line:35] - INFO: 按如下模板设置启动参数....
2020-09-15 17:14:58,852 - E:/SelfWork/python/ADBcontroller/start.py[line:35] - INFO: 按如下模板设置启动参数....
2020-09-15 17:15:02,497 - E:\SelfWork\python\ADBcontroller\ui\WindowMain.py[line:275] - INFO: 截图成功回调
2020-09-15 17:15:12,614 - E:\SelfWork\python\ADBcontroller\ui\WindowMain.py[line:275] - INFO: 截图成功回调
2020-09-15 17:15:22,721 - E:\SelfWork\python\ADBcontroller\ui\WindowMain.py[line:275] - INFO: 截图成功回调
2020-09-15 17:24:17,741 - E:/SelfWork/python/ADBcontroller/start.py[line:35] - INFO: 按如下模板设置启动参数....
2020-09-15 17:24:29,972 - E:/SelfWork/python/ADBcontroller/start.py[line:35] - INFO: 按如下模板设置启动参数....
2020-09-15 17:25:53,428 - E:/SelfWork/python/ADBcontroller/start.py[line:35] - INFO: 按如下模板设置启动参数....
2020-09-15 17:27:36,125 - E:/SelfWork/python/ADBcontroller/start.py[line:35] - INFO: 按如下模板设置启动参数....
2020-09-15 17:27:46,510 - E:\SelfWork\python\ADBcontroller\ui\WindowMain.py[line:277] - INFO: 截图成功回调
2020-09-15 17:27:47,904 - E:\SelfWork\python\ADBcontroller\ui\WindowMain.py[line:277] - INFO: 截图成功回调
2020-09-15 17:27:49,004 - E:\SelfWork\python\ADBcontroller\ui\WindowMain.py[line:277] - INFO: 截图成功回调
2020-09-15 17:27:50,120 - E:\SelfWork\python\ADBcontroller\ui\WindowMain.py[line:277] - INFO: 截图成功回调
2020-09-15 17:27:51,232 - E:\SelfWork\python\ADBcontroller\ui\WindowMain.py[line:277] - INFO: 截图成功回调
2020-09-15 17:31:30,158 - INFO: 截图成功回调
2020-09-15 17:31:31,267 - INFO: 截图成功回调
2020-09-15 17:31:32,365 - INFO: 截图成功回调
2020-09-15 17:31:33,460 - INFO: 截图成功回调
2020-09-15 17:31:34,575 - INFO: 截图成功回调
2020-09-15 17:31:35,691 - INFO: 截图成功回调
2020-09-15 17:34:09,354 - INFO: 截图成功回调
2020-09-15 17:34:12,461 - INFO: 截图成功回调
2020-09-15 17:42:53,660 - INFO: 截图成功回调
2020-09-15 17:42:56,786 - INFO: 截图成功回调
2020-09-15 17:42:59,881 - INFO: 截图成功回调
2020-09-15 17:43:02,993 - INFO: 截图成功回调
2020-09-15 17:43:06,101 - INFO: 截图成功回调
2020-09-15 17:43:09,205 - INFO: 截图成功回调
2020-09-15 17:43:12,325 - INFO: 截图成功回调
2020-09-15 17:43:15,459 - INFO: 截图成功回调
2020-09-15 17:43:20,889 - INFO: 截图成功回调
2020-09-15 17:43:24,010 - INFO: 截图成功回调
2020-09-15 17:43:27,121 - INFO: 截图成功回调
2020-09-15 17:43:30,225 - INFO: 截图成功回调
2020-09-15 17:43:33,370 - INFO: 截图成功回调
2020-09-15 17:43:36,493 - INFO: 截图成功回调
2020-09-15 17:43:44,345 - INFO: 截图成功回调
2020-09-15 17:43:46,049 - INFO: 截图成功回调
2020-09-15 17:43:46,050 - INFO: 截图成功回调
2020-09-15 17:43:48,954 - INFO: 截图成功回调
2020-09-15 17:43:52,054 - INFO: 截图成功回调
2020-09-15 17:43:55,184 - INFO: 截图成功回调
2020-09-15 17:43:58,300 - INFO: 截图成功回调
2020-09-15 17:44:01,411 - INFO: 截图成功回调
2020-09-15 17:44:04,512 - INFO: 截图成功回调
2020-09-15 17:44:07,631 - INFO: 截图成功回调
2020-09-15 17:44:10,738 - INFO: 截图成功回调
2020-09-15 17:44:13,839 - INFO: 截图成功回调
2020-09-15 17:44:16,950 - INFO: 截图成功回调
2020-09-15 17:44:20,047 - INFO: 截图成功回调
2020-09-15 17:44:23,163 - INFO: 截图成功回调
2020-09-15 17:44:26,261 - INFO: 截图成功回调
2020-09-15 17:44:29,366 - INFO: 截图成功回调
2020-09-15 17:44:32,464 - INFO: 截图成功回调
2020-09-15 17:44:35,580 - INFO: 截图成功回调
2020-09-15 17:44:38,687 - INFO: 截图成功回调
2020-09-15 17:44:41,781 - INFO: 截图成功回调
2020-09-15 17:44:44,881 - INFO: 截图成功回调
2020-09-15 17:44:48,003 - INFO: 截图成功回调
2020-09-15 17:44:51,119 - INFO: 截图成功回调
2020-09-15 17:44:54,258 - INFO: 截图成功回调
2020-09-15 17:44:57,371 - INFO: 截图成功回调
2020-09-15 17:45:00,488 - INFO: 截图成功回调
2020-09-15 17:45:03,601 - INFO: 截图成功回调
2020-09-15 19:13:14,910 - INFO: 截图成功回调
2020-09-15 19:13:18,043 - INFO: 截图成功回调
2020-09-15 19:13:21,142 - INFO: 截图成功回调
2020-09-15 19:13:24,251 - INFO: 截图成功回调
2020-09-15 19:13:27,410 - INFO: 截图成功回调
2020-09-15 19:13:30,548 - INFO: 截图成功回调
2020-09-15 19:13:33,693 - INFO: 截图成功回调
2020-09-15 19:13:36,817 - INFO: 截图成功回调
2020-09-15 19:13:39,952 - INFO: 截图成功回调
2020-09-15 19:14:04,859 - INFO: 截图成功回调
2020-09-15 19:14:08,017 - INFO: 截图成功回调
2020-09-15 19:14:11,148 - INFO: 截图成功回调
2020-09-15 19:48:21,657 - INFO: 截图成功回调
2020-09-15 19:48:24,796 - INFO: 截图成功回调
2020-09-15 19:48:27,951 - INFO: 截图成功回调
2020-09-15 19:48:31,069 - INFO: 截图成功回调
2020-09-15 19:48:34,188 - INFO: 截图成功回调
2020-09-15 19:48:37,317 - INFO: 截图成功回调
2020-09-15 19:48:40,446 - INFO: 截图成功回调
2020-09-15 19:48:43,611 - INFO: 截图成功回调
2020-09-15 19:48:46,823 - INFO: 截图成功回调
2020-09-15 19:48:50,011 - INFO: 截图成功回调
2020-09-15 19:48:53,160 - INFO: 截图成功回调
2020-09-15 19:49:30,045 - INFO: 截图成功回调
2020-09-15 19:49:33,191 - INFO: 截图成功回调
2020-09-15 19:49:36,332 - INFO: 截图成功回调
2020-09-15 19:49:39,459 - INFO: 截图成功回调
2020-09-15 19:49:42,608 - INFO: 截图成功回调
2020-09-15 19:49:45,725 - INFO: 截图成功回调
2020-09-15 20:13:23,283 - INFO: 截图成功回调
2020-09-15 20:13:26,423 - INFO: 截图成功回调
2020-09-15 20:13:29,543 - INFO: 截图成功回调
2020-09-15 20:13:32,674 - INFO: 截图成功回调
2020-09-15 20:14:53,584 - INFO: 截图成功回调
2020-09-15 20:14:56,697 - INFO: 截图成功回调
2020-09-15 20:14:59,815 - INFO: 截图成功回调
2020-09-15 20:17:49,822 - INFO: 截图成功回调
2020-09-15 20:17:52,951 - INFO: 截图成功回调
2020-09-15 20:17:56,083 - INFO: 截图成功回调
2020-09-15 20:17:59,220 - INFO: 截图成功回调
2020-09-15 20:18:02,381 - INFO: 截图成功回调
2020-09-15 20:18:04,080 - DEBUG: 事件时间间隔小于200ms x:[341],y[157],t[1600172284080]
2020-09-15 20:18:05,531 - INFO: 截图成功回调
2020-09-15 20:18:08,661 - INFO: 截图成功回调
2020-09-15 20:18:11,802 - INFO: 截图成功回调
2020-09-15 20:18:14,909 - INFO: 截图成功回调
2020-09-15 20:18:18,004 - INFO: 截图成功回调
2020-09-15 20:18:21,087 - INFO: 截图成功回调
2020-09-15 20:18:24,176 - INFO: 截图成功回调
2020-09-15 20:18:27,263 - INFO: 截图成功回调
2020-09-15 20:18:30,346 - INFO: 截图成功回调
2020-09-15 20:18:33,422 - INFO: 截图成功回调
2020-09-15 20:18:36,510 - INFO: 截图成功回调
2020-09-15 20:18:39,616 - INFO: 截图成功回调
2020-09-15 20:18:42,711 - INFO: 截图成功回调
2020-09-15 20:18:45,794 - INFO: 截图成功回调
2020-09-15 20:18:48,877 - INFO: 截图成功回调
2020-09-15 20:18:51,955 - INFO: 截图成功回调
2020-09-15 20:18:55,048 - INFO: 截图成功回调
2020-09-15 20:18:58,128 - INFO: 截图成功回调
2020-09-15 20:19:01,256 - INFO: 截图成功回调
2020-09-15 20:19:04,337 - INFO: 截图成功回调
2020-09-15 20:19:07,435 - INFO: 截图成功回调
2020-09-15 20:19:25,220 - INFO: 截图成功回调
2020-09-15 20:19:28,315 - INFO: 截图成功回调
2020-09-15 20:19:31,415 - INFO: 截图成功回调
2020-09-15 20:19:34,551 - INFO: 截图成功回调
2020-09-15 20:19:37,675 - INFO: 截图成功回调
2020-09-15 20:19:40,800 - INFO: 截图成功回调
2020-09-15 20:19:45,058 - INFO: 截图成功回调
2020-09-15 20:19:47,057 - INFO: 截图成功回调
2020-09-15 20:19:50,180 - INFO: 截图成功回调
2020-09-15 20:19:53,302 - INFO: 截图成功回调
2020-09-15 20:19:56,431 - INFO: 截图成功回调
2020-09-15 20:19:59,559 - INFO: 截图成功回调
2020-09-15 20:20:02,694 - INFO: 截图成功回调
2020-09-15 20:20:05,816 - INFO: 截图成功回调
2020-09-15 20:20:08,940 - INFO: 截图成功回调
2020-09-15 20:20:12,136 - INFO: 截图成功回调
2020-09-15 20:20:15,247 - INFO: 截图成功回调
2020-09-15 20:20:18,386 - INFO: 截图成功回调
2020-09-15 20:20:21,509 - INFO: 截图成功回调
2020-09-15 20:20:24,641 - INFO: 截图成功回调
2020-09-15 20:20:27,808 - INFO: 截图成功回调
2020-09-15 20:20:30,939 - INFO: 截图成功回调
2020-09-15 20:20:34,068 - INFO: 截图成功回调
2020-09-15 20:20:37,194 - INFO: 截图成功回调
2020-09-15 20:20:40,324 - INFO: 截图成功回调
2020-09-15 20:20:43,444 - INFO: 截图成功回调
2020-09-15 20:20:46,569 - INFO: 截图成功回调
2020-09-15 20:20:49,694 - INFO: 截图成功回调
2020-09-15 20:20:52,823 - INFO: 截图成功回调
2020-09-15 20:20:55,950 - INFO: 截图成功回调
2020-09-15 20:20:59,067 - INFO: 截图成功回调
2020-09-15 20:21:02,184 - INFO: 截图成功回调
2020-09-15 20:21:05,322 - INFO: 截图成功回调
2020-09-15 20:21:08,442 - INFO: 截图成功回调
2020-09-15 20:21:11,569 - INFO: 截图成功回调
2020-09-15 20:21:14,713 - INFO: 截图成功回调
2020-09-15 20:21:17,846 - INFO: 截图成功回调
2020-09-15 20:21:20,995 - INFO: 截图成功回调
2020-09-15 20:21:24,120 - INFO: 截图成功回调
2020-09-15 20:21:27,244 - INFO: 截图成功回调
2020-09-15 20:21:30,363 - INFO: 截图成功回调
2020-09-15 20:21:33,491 - INFO: 截图成功回调
2020-09-15 20:21:36,610 - INFO: 截图成功回调
2020-09-15 20:21:39,734 - INFO: 截图成功回调
2020-09-15 20:21:42,870 - INFO: 截图成功回调
2020-09-15 20:21:45,997 - INFO: 截图成功回调
2020-09-15 20:21:49,114 - INFO: 截图成功回调
2020-09-15 20:21:52,264 - INFO: 截图成功回调
2020-09-15 20:21:55,384 - INFO: 截图成功回调
2020-09-15 20:21:58,503 - INFO: 截图成功回调
2020-09-15 20:22:01,634 - INFO: 截图成功回调
2020-09-15 20:22:04,784 - INFO: 截图成功回调
2020-09-15 20:22:07,928 - INFO: 截图成功回调
2020-09-15 20:22:11,057 - INFO: 截图成功回调
2020-09-15 20:22:14,201 - INFO: 截图成功回调
2020-09-15 20:22:17,330 - INFO: 截图成功回调
2020-09-15 20:22:20,483 - INFO: 截图成功回调
2020-09-15 20:22:23,604 - INFO: 截图成功回调
2020-09-15 20:22:26,738 - INFO: 截图成功回调
2020-09-15 20:22:29,857 - INFO: 截图成功回调
2020-09-15 20:22:32,976 - INFO: 截图成功回调
2020-09-15 20:22:36,110 - INFO: 截图成功回调
2020-09-15 20:22:39,228 - INFO: 截图成功回调
2020-09-15 20:22:42,348 - INFO: 截图成功回调
2020-09-15 20:22:45,475 - INFO: 截图成功回调
2020-09-15 20:22:48,602 - INFO: 截图成功回调
2020-09-15 20:22:51,718 - INFO: 截图成功回调
2020-09-15 20:22:54,892 - INFO: 截图成功回调
2020-09-15 20:22:58,016 - INFO: 截图成功回调
2020-09-15 20:23:01,152 - INFO: 截图成功回调
2020-09-15 20:23:04,268 - INFO: 截图成功回调
2020-09-15 20:23:07,410 - INFO: 截图成功回调
2020-09-15 20:23:10,555 - INFO: 截图成功回调
2020-09-15 20:23:13,682 - INFO: 截图成功回调
2020-09-15 20:23:16,809 - INFO: 截图成功回调
2020-09-15 20:23:19,941 - INFO: 截图成功回调
2020-09-15 20:23:23,115 - INFO: 截图成功回调
2020-09-15 20:23:26,237 - INFO: 截图成功回调
2020-09-15 20:23:29,425 - INFO: 截图成功回调
2020-09-15 20:23:32,567 - INFO: 截图成功回调
2020-09-15 20:23:35,748 - INFO: 截图成功回调
2020-09-15 20:23:38,875 - INFO: 截图成功回调
2020-09-15 20:23:42,041 - INFO: 截图成功回调
2020-09-15 20:23:45,186 - INFO: 截图成功回调
2020-09-15 20:23:48,336 - INFO: 截图成功回调
2020-09-15 20:23:51,455 - INFO: 截图成功回调
2020-09-15 20:23:54,606 - INFO: 截图成功回调
2020-09-15 20:23:57,727 - INFO: 截图成功回调
2020-09-15 20:24:00,911 - INFO: 截图成功回调
2020-09-15 20:24:04,051 - INFO: 截图成功回调
2020-09-15 20:24:07,186 - INFO: 截图成功回调
2020-09-15 20:24:10,333 - INFO: 截图成功回调
2020-09-15 20:24:13,491 - INFO: 截图成功回调
2020-09-15 20:24:16,631 - INFO: 截图成功回调
2020-09-15 20:24:19,758 - INFO: 截图成功回调
2020-09-15 20:24:22,908 - INFO: 截图成功回调
2020-09-15 20:24:26,045 - INFO: 截图成功回调
2020-09-15 20:24:29,183 - INFO: 截图成功回调
2020-09-15 20:24:32,342 - INFO: 截图成功回调
2020-09-15 20:24:35,468 - INFO: 截图成功回调
2020-09-15 20:24:38,598 - INFO: 截图成功回调
2020-09-15 20:24:44,100 - INFO: 截图成功回调
2020-09-15 20:24:47,226 - INFO: 截图成功回调
2020-09-15 20:24:50,305 - INFO: 截图成功回调
2020-09-15 20:24:53,404 - INFO: 截图成功回调
2020-09-15 20:24:56,489 - INFO: 截图成功回调
2020-09-15 20:24:59,567 - INFO: 截图成功回调
2020-09-15 20:25:02,647 - INFO: 截图成功回调
2020-09-15 20:25:12,654 - INFO: 截图成功回调
2020-09-15 20:25:15,731 - INFO: 截图成功回调
2020-09-15 20:25:18,812 - INFO: 截图成功回调
2020-09-15 20:25:21,913 - INFO: 截图成功回调
2020-09-15 20:25:25,009 - INFO: 截图成功回调
2020-09-15 20:25:28,099 - INFO: 截图成功回调
2020-09-15 20:25:31,191 - INFO: 截图成功回调
2020-09-15 20:25:34,285 - INFO: 截图成功回调
2020-09-15 20:25:37,373 - INFO: 截图成功回调
2020-09-15 20:25:40,450 - INFO: 截图成功回调
2020-09-15 20:25:43,531 - INFO: 截图成功回调
2020-09-15 20:25:46,612 - INFO: 截图成功回调
2020-09-15 20:25:49,706 - INFO: 截图成功回调
2020-09-15 20:25:52,797 - INFO: 截图成功回调
2020-09-15 20:25:55,886 - INFO: 截图成功回调
2020-09-15 20:25:58,971 - INFO: 截图成功回调
2020-09-15 20:26:02,045 - INFO: 截图成功回调
2020-09-15 20:26:05,141 - INFO: 截图成功回调
2020-09-15 20:26:08,225 - INFO: 截图成功回调
2020-09-15 20:28:21,134 - INFO: 截图成功回调
2020-09-15 20:28:24,210 - INFO: 截图成功回调
2020-09-15 20:28:27,329 - INFO: 截图成功回调
2020-09-15 20:28:30,415 - INFO: 截图成功回调
2020-09-15 20:28:33,489 - INFO: 截图成功回调
2020-09-15 20:28:36,573 - INFO: 截图成功回调
2020-09-15 20:28:39,646 - INFO: 截图成功回调
2020-09-15 20:28:42,738 - INFO: 截图成功回调
2020-09-15 20:28:45,808 - INFO: 截图成功回调
2020-09-15 20:28:48,884 - INFO: 截图成功回调
2020-09-15 20:28:51,967 - INFO: 截图成功回调
2020-09-15 20:28:55,042 - INFO: 截图成功回调
2020-09-15 20:28:58,115 - INFO: 截图成功回调
2020-09-15 20:29:01,676 - INFO: 截图成功回调
2020-09-15 20:29:04,765 - INFO: 截图成功回调
2020-09-15 20:29:06,185 - DEBUG: 事件时间间隔小于200ms x:[135],y[150],t[1600172946186]
2020-09-15 20:29:06,224 - DEBUG: 事件时间间隔小于200ms x:[136],y[150],t[1600172946223]
2020-09-15 20:29:07,849 - INFO: 截图成功回调
2020-09-15 20:29:10,928 - INFO: 截图成功回调
2020-09-15 20:29:14,005 - INFO: 截图成功回调
2020-09-15 20:36:08,109 - INFO: 截图成功回调
2020-09-15 20:36:11,207 - INFO: 截图成功回调
2020-09-15 20:36:14,279 - INFO: 截图成功回调
2020-09-15 20:36:17,384 - INFO: 截图成功回调
2020-09-15 20:36:20,463 - INFO: 截图成功回调
2020-09-15 20:36:23,607 - INFO: 截图成功回调
2020-09-15 20:36:25,550 - DEBUG: 事件时间间隔小于200ms x:[342],y[269],t[1600173385550]
2020-09-15 20:36:26,691 - INFO: 截图成功回调
2020-09-15 20:36:29,825 - INFO: 截图成功回调
2020-09-15 20:36:45,173 - INFO: 截图成功回调
2020-09-15 20:36:46,298 - INFO: 截图成功回调
2020-09-15 20:36:47,422 - INFO: 截图成功回调
2020-09-15 20:36:48,542 - INFO: 截图成功回调
2020-09-15 20:36:48,993 - DEBUG: 事件时间间隔小于200ms x:[483],y[268],t[1600173408993]
2020-09-15 20:36:49,633 - INFO: 截图成功回调
2020-09-15 20:36:50,812 - INFO: 截图成功回调
2020-09-15 20:36:51,931 - INFO: 截图成功回调
2020-09-15 20:36:53,091 - INFO: 截图成功回调
2020-09-15 20:36:54,224 - INFO: 截图成功回调
2020-09-15 20:36:55,322 - INFO: 截图成功回调
2020-09-15 20:36:56,420 - INFO: 截图成功回调
2020-09-15 20:36:57,535 - INFO: 截图成功回调
2020-09-15 20:36:58,646 - INFO: 截图成功回调
2020-09-15 20:36:58,785 - DEBUG: 事件时间间隔小于200ms x:[496],y[219],t[1600173418785]
2020-09-15 20:36:58,796 - DEBUG: 事件时间间隔小于200ms x:[496],y[209],t[1600173418796]
2020-09-15 20:36:58,807 - DEBUG: 事件时间间隔小于200ms x:[496],y[199],t[1600173418807]
2020-09-15 20:36:58,817 - DEBUG: 事件时间间隔小于200ms x:[496],y[189],t[1600173418818]
2020-09-15 20:36:58,828 - DEBUG: 事件时间间隔小于200ms x:[496],y[179],t[1600173418828]
2020-09-15 20:36:58,839 - DEBUG: 事件时间间隔小于200ms x:[496],y[169],t[1600173418839]
2020-09-15 20:36:59,794 - INFO: 截图成功回调
2020-09-15 20:37:00,273 - DEBUG: 事件时间间隔小于200ms x:[450],y[221],t[1600173420273]
2020-09-15 20:37:00,284 - DEBUG: 事件时间间隔小于200ms x:[450],y[211],t[1600173420284]
2020-09-15 20:37:00,294 - DEBUG: 事件时间间隔小于200ms x:[450],y[201],t[1600173420295]
2020-09-15 20:37:00,305 - DEBUG: 事件时间间隔小于200ms x:[450],y[191],t[1600173420306]
2020-09-15 20:37:00,317 - DEBUG: 事件时间间隔小于200ms x:[450],y[181],t[1600173420316]
2020-09-15 20:37:00,327 - DEBUG: 事件时间间隔小于200ms x:[450],y[171],t[1600173420327]
2020-09-15 20:37:00,338 - DEBUG: 事件时间间隔小于200ms x:[450],y[161],t[1600173420338]
2020-09-15 20:37:00,349 - DEBUG: 事件时间间隔小于200ms x:[450],y[151],t[1600173420349]
2020-09-15 20:37:00,359 - DEBUG: 事件时间间隔小于200ms x:[450],y[141],t[1600173420359]
2020-09-15 20:37:00,370 - DEBUG: 事件时间间隔小于200ms x:[450],y[131],t[1600173420371]
2020-09-15 20:37:00,380 - DEBUG: 事件时间间隔小于200ms x:[450],y[121],t[1600173420380]
2020-09-15 20:37:00,391 - DEBUG: 事件时间间隔小于200ms x:[450],y[111],t[1600173420391]
2020-09-15 20:37:00,403 - DEBUG: 事件时间间隔小于200ms x:[450],y[101],t[1600173420403]
2020-09-15 20:37:00,413 - DEBUG: 事件时间间隔小于200ms x:[450],y[91],t[1600173420414]
2020-09-15 20:37:00,424 - DEBUG: 事件时间间隔小于200ms x:[450],y[81],t[1600173420425]
2020-09-15 20:37:00,435 - DEBUG: 事件时间间隔小于200ms x:[450],y[71],t[1600173420435]
2020-09-15 20:37:00,446 - DEBUG: 事件时间间隔小于200ms x:[450],y[61],t[1600173420446]
2020-09-15 20:37:00,456 - DEBUG: 事件时间间隔小于200ms x:[450],y[51],t[1600173420457]
2020-09-15 20:37:00,969 - INFO: 截图成功回调
2020-09-15 20:37:01,771 - DEBUG: 事件时间间隔小于200ms x:[450],y[221],t[1600173421770]
2020-09-15 20:37:01,781 - DEBUG: 事件时间间隔小于200ms x:[450],y[211],t[1600173421780]
2020-09-15 20:37:01,790 - DEBUG: 事件时间间隔小于200ms x:[450],y[201],t[1600173421791]
2020-09-15 20:37:01,802 - DEBUG: 事件时间间隔小于200ms x:[450],y[191],t[1600173421803]
2020-09-15 20:37:01,812 - DEBUG: 事件时间间隔小于200ms x:[450],y[181],t[1600173421812]
2020-09-15 20:37:01,823 - DEBUG: 事件时间间隔小于200ms x:[450],y[171],t[1600173421823]
2020-09-15 20:37:01,835 - DEBUG: 事件时间间隔小于200ms x:[450],y[161],t[1600173421836]
2020-09-15 20:37:01,846 - DEBUG: 事件时间间隔小于200ms x:[450],y[151],t[1600173421847]
2020-09-15 20:37:01,857 - DEBUG: 事件时间间隔小于200ms x:[450],y[141],t[1600173421857]
2020-09-15 20:37:01,868 - DEBUG: 事件时间间隔小于200ms x:[450],y[131],t[1600173421868]
2020-09-15 20:37:01,879 - DEBUG: 事件时间间隔小于200ms x:[450],y[121],t[1600173421880]
2020-09-15 20:37:01,889 - DEBUG: 事件时间间隔小于200ms x:[450],y[111],t[1600173421890]
2020-09-15 20:37:02,134 - INFO: 截图成功回调
2020-09-15 20:37:02,821 - DEBUG: 事件时间间隔小于200ms x:[500],y[204],t[1600173422821]
2020-09-15 20:37:02,831 - DEBUG: 事件时间间隔小于200ms x:[500],y[194],t[1600173422831]
2020-09-15 20:37:02,842 - DEBUG: 事件时间间隔小于200ms x:[500],y[184],t[1600173422842]
2020-09-15 20:37:02,852 - DEBUG: 事件时间间隔小于200ms x:[500],y[174],t[1600173422853]
2020-09-15 20:37:02,863 - DEBUG: 事件时间间隔小于200ms x:[500],y[164],t[1600173422864]
2020-09-15 20:37:02,874 - DEBUG: 事件时间间隔小于200ms x:[500],y[154],t[1600173422874]
2020-09-15 20:37:02,886 - DEBUG: 事件时间间隔小于200ms x:[500],y[144],t[1600173422887]
2020-09-15 20:37:02,896 - DEBUG: 事件时间间隔小于200ms x:[500],y[134],t[1600173422897]
2020-09-15 20:37:02,907 - DEBUG: 事件时间间隔小于200ms x:[500],y[124],t[1600173422907]
2020-09-15 20:37:02,919 - DEBUG: 事件时间间隔小于200ms x:[500],y[114],t[1600173422918]
2020-09-15 20:37:02,928 - DEBUG: 事件时间间隔小于200ms x:[500],y[104],t[1600173422929]
2020-09-15 20:37:02,939 - DEBUG: 事件时间间隔小于200ms x:[500],y[94],t[1600173422940]
2020-09-15 20:37:02,951 - DEBUG: 事件时间间隔小于200ms x:[500],y[84],t[1600173422950]
2020-09-15 20:37:02,961 - DEBUG: 事件时间间隔小于200ms x:[500],y[74],t[1600173422961]
2020-09-15 20:37:02,972 - DEBUG: 事件时间间隔小于200ms x:[500],y[64],t[1600173422973]
2020-09-15 20:37:02,983 - DEBUG: 事件时间间隔小于200ms x:[500],y[54],t[1600173422984]
2020-09-15 20:37:02,993 - DEBUG: 事件时间间隔小于200ms x:[500],y[44],t[1600173422993]
2020-09-15 20:37:03,004 - DEBUG: 事件时间间隔小于200ms x:[500],y[34],t[1600173423004]
2020-09-15 20:37:03,326 - INFO: 截图成功回调
2020-09-15 20:37:04,461 - INFO: 截图成功回调
2020-09-15 20:37:05,665 - INFO: 截图成功回调
2020-09-15 20:37:06,827 - INFO: 截图成功回调
2020-09-15 20:37:08,001 - INFO: 截图成功回调
2020-09-15 20:37:09,181 - INFO: 截图成功回调
2020-09-15 20:37:10,323 - INFO: 截图成功回调
2020-09-15 20:37:11,467 - INFO: 截图成功回调
2020-09-15 20:37:12,624 - INFO: 截图成功回调
2020-09-15 20:37:13,782 - INFO: 截图成功回调
2020-09-15 20:37:14,943 - INFO: 截图成功回调
2020-09-15 20:37:16,096 - INFO: 截图成功回调
2020-09-15 20:37:17,262 - INFO: 截图成功回调
2020-09-15 20:37:18,353 - INFO: 截图成功回调
2020-09-15 20:37:19,465 - INFO: 截图成功回调
2020-09-15 20:37:20,557 - INFO: 截图成功回调
2020-09-15 20:37:21,659 - INFO: 截图成功回调
2020-09-15 20:37:22,755 - INFO: 截图成功回调
2020-09-15 20:37:23,246 - DEBUG: 事件时间间隔小于200ms x:[536],y[367],t[1600173443246]
2020-09-15 20:37:23,922 - INFO: 截图成功回调
2020-09-15 20:37:25,070 - INFO: 截图成功回调
2020-09-15 20:37:26,209 - INFO: 截图成功回调
2020-09-15 20:37:27,365 - INFO: 截图成功回调
2020-09-15 20:37:28,507 - INFO: 截图成功回调
2020-09-15 20:37:29,654 - INFO: 截图成功回调
2020-09-15 20:37:30,810 - INFO: 截图成功回调
2020-09-15 20:37:31,985 - INFO: 截图成功回调
2020-09-15 20:37:33,126 - INFO: 截图成功回调
2020-09-15 20:37:34,271 - INFO: 截图成功回调
2020-09-15 20:37:35,491 - INFO: 截图成功回调
2020-09-15 20:37:36,628 - INFO: 截图成功回调
2020-09-15 20:37:37,770 - INFO: 截图成功回调
2020-09-15 20:37:38,920 - INFO: 截图成功回调
2020-09-15 20:37:40,057 - INFO: 截图成功回调
2020-09-15 20:37:41,254 - INFO: 截图成功回调
2020-09-15 20:37:42,402 - INFO: 截图成功回调
2020-09-15 20:37:43,550 - INFO: 截图成功回调
2020-09-15 20:37:44,684 - INFO: 截图成功回调
2020-09-15 20:37:45,826 - INFO: 截图成功回调
2020-09-15 20:37:46,989 - INFO: 截图成功回调
2020-09-15 20:39:21,966 - INFO: 截图成功回调
2020-09-15 20:39:24,321 - INFO: 截图成功回调
2020-09-15 20:39:24,334 - INFO: 截图成功回调
2020-09-15 20:39:24,334 - INFO: 截图成功回调
2020-09-15 20:39:24,335 - INFO: 截图成功回调
2020-09-15 20:39:24,336 - INFO: 截图成功回调
2020-09-15 20:39:24,336 - INFO: 截图成功回调
2020-09-15 20:39:24,336 - INFO: 截图成功回调
2020-09-15 20:39:24,337 - INFO: 截图成功回调
2020-09-15 20:39:24,337 - INFO: 截图成功回调
2020-09-15 20:39:24,338 - INFO: 截图成功回调
2020-09-15 20:39:24,339 - INFO: 截图成功回调
2020-09-15 20:39:24,340 - INFO: 截图成功回调
2020-09-15 20:39:24,340 - INFO: 截图成功回调
2020-09-15 20:39:24,341 - INFO: 截图成功回调
2020-09-15 20:39:24,341 - INFO: 截图成功回调
2020-09-15 20:39:24,342 - INFO: 截图成功回调
2020-09-15 20:39:24,342 - INFO: 截图成功回调
2020-09-15 20:39:24,342 - INFO: 截图成功回调
2020-09-15 20:39:24,343 - INFO: 截图成功回调
2020-09-15 20:39:24,343 - INFO: 截图成功回调
2020-09-15 20:39:24,343 - INFO: 截图成功回调
2020-09-15 20:39:24,344 - INFO: 截图成功回调
2020-09-15 20:39:24,344 - INFO: 截图成功回调
2020-09-15 20:39:24,345 - INFO: 截图成功回调
2020-09-15 20:39:24,345 - INFO: 截图成功回调
2020-09-15 20:39:24,345 - INFO: 截图成功回调
2020-09-15 20:39:24,346 - INFO: 截图成功回调
2020-09-15 20:39:24,346 - INFO: 截图成功回调
2020-09-15 20:39:24,347 - INFO: 截图成功回调
2020-09-15 20:39:24,348 - INFO: 截图成功回调
2020-09-15 20:39:24,350 - INFO: 截图成功回调
2020-09-15 20:39:24,351 - INFO: 截图成功回调
2020-09-15 20:39:24,352 - INFO: 截图成功回调
2020-09-15 20:39:24,359 - INFO: 截图成功回调
2020-09-15 20:39:24,359 - INFO: 截图成功回调
2020-09-15 20:39:25,489 - INFO: 截图成功回调
2020-09-15 20:39:26,679 - INFO: 截图成功回调
2020-09-15 20:39:28,008 - INFO: 截图成功回调
2020-09-15 20:39:29,076 - INFO: 截图成功回调
2020-09-15 20:39:30,270 - INFO: 截图成功回调
2020-09-15 20:39:31,449 - INFO: 截图成功回调
2020-09-15 20:39:32,589 - INFO: 截图成功回调
2020-09-15 20:39:33,733 - INFO: 截图成功回调
2020-09-15 20:39:34,880 - INFO: 截图成功回调
2020-09-15 20:39:36,026 - INFO: 截图成功回调
2020-09-15 20:39:37,178 - INFO: 截图成功回调
2020-09-15 20:39:38,283 - INFO: 截图成功回调
2020-09-15 20:39:39,400 - INFO: 截图成功回调
2020-09-15 20:39:40,491 - INFO: 截图成功回调
2020-09-15 20:39:41,599 - INFO: 截图成功回调
2020-09-15 20:39:42,685 - INFO: 截图成功回调
2020-09-15 20:39:43,777 - INFO: 截图成功回调
2020-09-15 20:39:44,881 - INFO: 截图成功回调
2020-09-15 20:39:45,982 - INFO: 截图成功回调
2020-09-15 20:39:47,093 - INFO: 截图成功回调
2020-09-15 20:39:48,187 - INFO: 截图成功回调
2020-09-15 20:39:49,276 - INFO: 截图成功回调
2020-09-15 20:39:50,365 - INFO: 截图成功回调
2020-09-15 20:39:51,446 - INFO: 截图成功回调
2020-09-15 20:39:52,539 - INFO: 截图成功回调
2020-09-15 20:40:03,471 - INFO: 截图成功回调
2020-09-15 20:40:04,567 - INFO: 截图成功回调
2020-09-15 20:40:05,674 - INFO: 截图成功回调
2020-09-15 20:40:06,779 - INFO: 截图成功回调
2020-09-15 20:40:07,860 - INFO: 截图成功回调
2020-09-15 20:40:08,960 - INFO: 截图成功回调
2020-09-15 20:40:10,074 - INFO: 截图成功回调
2020-09-15 20:40:11,174 - INFO: 截图成功回调
2020-09-15 20:40:12,296 - INFO: 截图成功回调
2020-09-15 20:40:13,390 - INFO: 截图成功回调
2020-09-15 20:40:14,487 - INFO: 截图成功回调
2020-09-15 20:40:15,625 - INFO: 截图成功回调
2020-09-15 20:40:16,775 - INFO: 截图成功回调
2020-09-15 20:40:17,697 - DEBUG: 事件时间间隔小于200ms x:[427],y[191],t[1600173617696]
2020-09-15 20:40:17,707 - DEBUG: 事件时间间隔小于200ms x:[427],y[181],t[1600173617707]
2020-09-15 20:40:17,717 - DEBUG: 事件时间间隔小于200ms x:[427],y[171],t[1600173617718]
2020-09-15 20:40:17,728 - DEBUG: 事件时间间隔小于200ms x:[427],y[161],t[1600173617729]
2020-09-15 20:40:17,739 - DEBUG: 事件时间间隔小于200ms x:[427],y[151],t[1600173617739]
2020-09-15 20:40:17,749 - DEBUG: 事件时间间隔小于200ms x:[427],y[141],t[1600173617750]
2020-09-15 20:40:17,761 - DEBUG: 事件时间间隔小于200ms x:[427],y[131],t[1600173617761]
2020-09-15 20:40:17,772 - DEBUG: 事件时间间隔小于200ms x:[427],y[121],t[1600173617772]
2020-09-15 20:40:17,783 - DEBUG: 事件时间间隔小于200ms x:[427],y[111],t[1600173617783]
2020-09-15 20:40:17,793 - DEBUG: 事件时间间隔小于200ms x:[427],y[101],t[1600173617794]
2020-09-15 20:40:17,804 - DEBUG: 事件时间间隔小于200ms x:[427],y[91],t[1600173617804]
2020-09-15 20:40:17,816 - DEBUG: 事件时间间隔小于200ms x:[427],y[81],t[1600173617815]
2020-09-15 20:40:17,825 - DEBUG: 事件时间间隔小于200ms x:[427],y[71],t[1600173617826]
2020-09-15 20:40:17,837 - DEBUG: 事件时间间隔小于200ms x:[427],y[61],t[1600173617837]
2020-09-15 20:40:17,847 - DEBUG: 事件时间间隔小于200ms x:[427],y[51],t[1600173617848]
2020-09-15 20:40:17,858 - DEBUG: 事件时间间隔小于200ms x:[427],y[41],t[1600173617858]
2020-09-15 20:40:17,870 - DEBUG: 事件时间间隔小于200ms x:[427],y[31],t[1600173617869]
2020-09-15 20:40:17,953 - INFO: 截图成功回调
2020-09-15 20:40:18,626 - DEBUG: 事件时间间隔小于200ms x:[434],y[224],t[1600173618626]
2020-09-15 20:40:18,639 - DEBUG: 事件时间间隔小于200ms x:[434],y[214],t[1600173618639]
2020-09-15 20:40:18,648 - DEBUG: 事件时间间隔小于200ms x:[434],y[204],t[1600173618648]
2020-09-15 20:40:18,658 - DEBUG: 事件时间间隔小于200ms x:[434],y[194],t[1600173618658]
2020-09-15 20:40:18,669 - DEBUG: 事件时间间隔小于200ms x:[434],y[184],t[1600173618670]
2020-09-15 20:40:18,679 - DEBUG: 事件时间间隔小于200ms x:[434],y[174],t[1600173618680]
2020-09-15 20:40:18,692 - DEBUG: 事件时间间隔小于200ms x:[434],y[164],t[1600173618692]
2020-09-15 20:40:18,703 - DEBUG: 事件时间间隔小于200ms x:[434],y[154],t[1600173618703]
2020-09-15 20:40:18,713 - DEBUG: 事件时间间隔小于200ms x:[434],y[144],t[1600173618714]
2020-09-15 20:40:18,724 - DEBUG: 事件时间间隔小于200ms x:[434],y[134],t[1600173618725]
2020-09-15 20:40:18,735 - DEBUG: 事件时间间隔小于200ms x:[434],y[124],t[1600173618735]
2020-09-15 20:40:18,745 - DEBUG: 事件时间间隔小于200ms x:[434],y[114],t[1600173618746]
2020-09-15 20:40:18,757 - DEBUG: 事件时间间隔小于200ms x:[434],y[104],t[1600173618757]
2020-09-15 20:40:18,770 - DEBUG: 事件时间间隔小于200ms x:[434],y[94],t[1600173618769]
2020-09-15 20:40:18,779 - DEBUG: 事件时间间隔小于200ms x:[434],y[84],t[1600173618780]
2020-09-15 20:40:18,790 - DEBUG: 事件时间间隔小于200ms x:[434],y[74],t[1600173618791]
2020-09-15 20:40:18,802 - DEBUG: 事件时间间隔小于200ms x:[434],y[64],t[1600173618802]
2020-09-15 20:40:18,811 - DEBUG: 事件时间间隔小于200ms x:[434],y[54],t[1600173618811]
2020-09-15 20:40:19,140 - INFO: 截图成功回调
2020-09-15 20:40:19,568 - DEBUG: 事件时间间隔小于200ms x:[438],y[235],t[1600173619569]
2020-09-15 20:40:19,579 - DEBUG: 事件时间间隔小于200ms x:[438],y[225],t[1600173619579]
2020-09-15 20:40:19,591 - DEBUG: 事件时间间隔小于200ms x:[438],y[215],t[1600173619591]
2020-09-15 20:40:19,600 - DEBUG: 事件时间间隔小于200ms x:[438],y[205],t[1600173619601]
2020-09-15 20:40:19,611 - DEBUG: 事件时间间隔小于200ms x:[438],y[195],t[1600173619611]
2020-09-15 20:40:19,622 - DEBUG: 事件时间间隔小于200ms x:[438],y[185],t[1600173619622]
2020-09-15 20:40:19,636 - DEBUG: 事件时间间隔小于200ms x:[438],y[175],t[1600173619636]
2020-09-15 20:40:19,644 - DEBUG: 事件时间间隔小于200ms x:[438],y[165],t[1600173619645]
2020-09-15 20:40:19,655 - DEBUG: 事件时间间隔小于200ms x:[438],y[155],t[1600173619655]
2020-09-15 20:40:19,667 - DEBUG: 事件时间间隔小于200ms x:[438],y[145],t[1600173619666]
2020-09-15 20:40:19,676 - DEBUG: 事件时间间隔小于200ms x:[438],y[135],t[1600173619677]
2020-09-15 20:40:19,687 - DEBUG: 事件时间间隔小于200ms x:[438],y[125],t[1600173619688]
2020-09-15 20:40:19,698 - DEBUG: 事件时间间隔小于200ms x:[438],y[115],t[1600173619698]
2020-09-15 20:40:19,710 - DEBUG: 事件时间间隔小于200ms x:[438],y[105],t[1600173619709]
2020-09-15 20:40:19,720 - DEBUG: 事件时间间隔小于200ms x:[438],y[95],t[1600173619721]
2020-09-15 20:40:19,730 - DEBUG: 事件时间间隔小于200ms x:[438],y[85],t[1600173619731]
2020-09-15 20:40:19,741 - DEBUG: 事件时间间隔小于200ms x:[438],y[75],t[1600173619741]
2020-09-15 20:40:19,753 - DEBUG: 事件时间间隔小于200ms x:[438],y[65],t[1600173619753]
2020-09-15 20:40:20,302 - INFO: 截图成功回调
2020-09-15 20:40:20,625 - DEBUG: 事件时间间隔小于200ms x:[456],y[267],t[1600173620625]
2020-09-15 20:40:20,635 - DEBUG: 事件时间间隔小于200ms x:[456],y[257],t[1600173620636]
2020-09-15 20:40:20,646 - DEBUG: 事件时间间隔小于200ms x:[456],y[247],t[1600173620646]
2020-09-15 20:40:20,658 - DEBUG: 事件时间间隔小于200ms x:[456],y[237],t[1600173620658]
2020-09-15 20:40:20,667 - DEBUG: 事件时间间隔小于200ms x:[456],y[227],t[1600173620668]
2020-09-15 20:40:20,678 - DEBUG: 事件时间间隔小于200ms x:[456],y[217],t[1600173620679]
2020-09-15 20:40:20,691 - DEBUG: 事件时间间隔小于200ms x:[456],y[207],t[1600173620691]
2020-09-15 20:40:20,702 - DEBUG: 事件时间间隔小于200ms x:[456],y[197],t[1600173620702]
2020-09-15 20:40:20,712 - DEBUG: 事件时间间隔小于200ms x:[456],y[187],t[1600173620713]
2020-09-15 20:40:20,723 - DEBUG: 事件时间间隔小于200ms x:[456],y[177],t[1600173620724]
2020-09-15 20:40:20,734 - DEBUG: 事件时间间隔小于200ms x:[456],y[167],t[1600173620734]
2020-09-15 20:40:20,745 - DEBUG: 事件时间间隔小于200ms x:[456],y[157],t[1600173620745]
2020-09-15 20:40:20,757 - DEBUG: 事件时间间隔小于200ms x:[456],y[147],t[1600173620757]
2020-09-15 20:40:20,768 - DEBUG: 事件时间间隔小于200ms x:[456],y[137],t[1600173620768]
2020-09-15 20:40:20,778 - DEBUG: 事件时间间隔小于200ms x:[456],y[127],t[1600173620779]
2020-09-15 20:40:20,789 - DEBUG: 事件时间间隔小于200ms x:[456],y[117],t[1600173620790]
2020-09-15 20:40:20,800 - DEBUG: 事件时间间隔小于200ms x:[456],y[107],t[1600173620800]
2020-09-15 20:40:20,811 - DEBUG: 事件时间间隔小于200ms x:[456],y[97],t[1600173620811]
2020-09-15 20:40:21,460 - INFO: 截图成功回调
2020-09-15 20:40:22,617 - INFO: 截图成功回调
2020-09-15 20:40:23,767 - INFO: 截图成功回调
2020-09-15 20:40:24,328 - DEBUG: 事件时间间隔小于200ms x:[38],y[29],t[1600173624327]
2020-09-15 20:40:24,373 - DEBUG: 事件时间间隔小于200ms x:[37],y[29],t[1600173624374]
2020-09-15 20:40:24,391 - DEBUG: 事件时间间隔小于200ms x:[37],y[30],t[1600173624391]
2020-09-15 20:40:24,936 - INFO: 截图成功回调
2020-09-15 20:40:26,081 - INFO: 截图成功回调
2020-09-15 20:40:27,227 - INFO: 截图成功回调
2020-09-15 20:40:28,410 - INFO: 截图成功回调
2020-09-15 20:40:29,558 - INFO: 截图成功回调
2020-09-15 20:40:30,705 - INFO: 截图成功回调
2020-09-15 20:40:31,849 - INFO: 截图成功回调
2020-09-15 20:40:32,995 - INFO: 截图成功回调
2020-09-15 20:40:34,172 - INFO: 截图成功回调
2020-09-15 20:40:35,361 - INFO: 截图成功回调
2020-09-15 20:40:36,511 - INFO: 截图成功回调
2020-09-15 20:40:37,674 - INFO: 截图成功回调
2020-09-15 20:40:38,839 - INFO: 截图成功回调
2020-09-15 20:40:40,023 - INFO: 截图成功回调
2020-09-15 20:40:41,225 - INFO: 截图成功回调
2020-09-15 20:40:42,417 - INFO: 截图成功回调
2020-09-15 20:40:43,559 - INFO: 截图成功回调
2020-09-15 20:40:44,741 - INFO: 截图成功回调
2020-09-15 20:40:45,888 - INFO: 截图成功回调
2020-09-15 20:40:47,092 - INFO: 截图成功回调
2020-09-15 20:40:48,257 - INFO: 截图成功回调
2020-09-15 20:40:49,420 - INFO: 截图成功回调
2020-09-15 20:40:50,563 - INFO: 截图成功回调
2020-09-15 20:40:51,745 - INFO: 截图成功回调
2020-09-15 20:40:52,894 - INFO: 截图成功回调
2020-09-15 20:40:54,044 - INFO: 截图成功回调
2020-09-15 20:40:55,192 - INFO: 截图成功回调
2020-09-15 20:40:56,344 - INFO: 截图成功回调
2020-09-15 20:40:57,485 - INFO: 截图成功回调
2020-09-15 20:40:58,639 - INFO: 截图成功回调
2020-09-15 20:40:59,787 - INFO: 截图成功回调
2020-09-15 20:41:00,939 - INFO: 截图成功回调
2020-09-15 20:41:02,094 - INFO: 截图成功回调
2020-09-15 20:41:03,245 - INFO: 截图成功回调
2020-09-15 20:41:04,420 - INFO: 截图成功回调
2020-09-15 20:41:05,568 - INFO: 截图成功回调
2020-09-15 20:41:06,705 - INFO: 截图成功回调
2020-09-15 20:41:07,861 - INFO: 截图成功回调
2020-09-15 20:41:08,995 - INFO: 截图成功回调
2020-09-15 20:41:10,120 - INFO: 截图成功回调
2020-09-15 20:41:10,471 - DEBUG: 事件时间间隔小于200ms x:[471],y[277],t[1600173670470]
2020-09-15 20:41:11,259 - INFO: 截图成功回调
2020-09-15 20:41:12,422 - INFO: 截图成功回调
2020-09-15 20:41:13,570 - INFO: 截图成功回调
2020-09-15 20:41:14,717 - INFO: 截图成功回调
2020-09-15 20:41:15,853 - INFO: 截图成功回调
2020-09-15 20:41:17,016 - INFO: 截图成功回调
2020-09-15 20:41:18,164 - INFO: 截图成功回调
2020-09-15 20:41:19,306 - INFO: 截图成功回调
2020-09-15 20:41:20,463 - INFO: 截图成功回调
2020-09-15 20:41:21,602 - INFO: 截图成功回调
2020-09-15 20:41:22,789 - INFO: 截图成功回调
2020-09-15 20:41:23,934 - INFO: 截图成功回调
2020-09-15 20:41:25,077 - INFO: 截图成功回调
2020-09-15 20:41:26,216 - INFO: 截图成功回调
2020-09-15 20:41:27,355 - INFO: 截图成功回调
2020-09-15 20:41:28,510 - INFO: 截图成功回调
2020-09-15 20:41:29,647 - INFO: 截图成功回调
2020-09-15 20:41:30,825 - INFO: 截图成功回调
2020-09-15 20:41:31,962 - INFO: 截图成功回调
2020-09-15 20:41:33,113 - INFO: 截图成功回调
2020-09-15 20:41:34,251 - INFO: 截图成功回调
2020-09-15 20:41:35,392 - INFO: 截图成功回调
2020-09-15 20:41:36,531 - INFO: 截图成功回调
2020-09-15 20:41:37,668 - INFO: 截图成功回调
2020-09-15 20:41:38,807 - INFO: 截图成功回调
2020-09-15 20:41:39,956 - INFO: 截图成功回调
2020-09-15 20:41:41,095 - INFO: 截图成功回调
2020-09-15 20:41:42,234 - INFO: 截图成功回调
2020-09-15 20:41:43,384 - INFO: 截图成功回调
2020-09-15 20:41:44,535 - INFO: 截图成功回调
2020-09-15 20:41:45,685 - INFO: 截图成功回调
2020-09-15 20:41:46,834 - INFO: 截图成功回调
2020-09-15 20:41:48,039 - INFO: 截图成功回调
2020-09-15 20:41:49,178 - INFO: 截图成功回调
2020-09-15 20:41:50,365 - INFO: 截图成功回调
2020-09-15 20:41:51,505 - INFO: 截图成功回调
2020-09-15 20:41:52,659 - INFO: 截图成功回调
2020-09-15 20:41:53,816 - INFO: 截图成功回调
2020-09-15 20:41:54,962 - INFO: 截图成功回调
2020-09-15 20:41:56,118 - INFO: 截图成功回调
2020-09-15 20:41:57,264 - INFO: 截图成功回调
2020-09-15 20:41:58,404 - INFO: 截图成功回调
2020-09-15 20:41:59,592 - INFO: 截图成功回调
2020-09-15 20:42:00,743 - INFO: 截图成功回调
2020-09-15 20:42:01,903 - INFO: 截图成功回调
2020-09-15 20:42:03,064 - INFO: 截图成功回调
2020-09-15 20:42:04,232 - INFO: 截图成功回调
2020-09-15 20:42:05,370 - INFO: 截图成功回调
2020-09-15 20:42:06,508 - INFO: 截图成功回调
2020-09-15 20:42:07,644 - INFO: 截图成功回调
2020-09-15 20:42:08,796 - INFO: 截图成功回调
2020-09-15 20:42:09,931 - INFO: 截图成功回调
2020-09-15 20:42:11,099 - INFO: 截图成功回调
2020-09-15 20:42:12,243 - INFO: 截图成功回调
2020-09-15 20:42:13,439 - INFO: 截图成功回调
2020-09-15 20:42:14,585 - INFO: 截图成功回调
2020-09-15 20:42:15,727 - INFO: 截图成功回调
2020-09-15 20:42:16,877 - INFO: 截图成功回调
2020-09-15 20:42:18,032 - INFO: 截图成功回调
2020-09-15 20:42:19,178 - INFO: 截图成功回调
2020-09-15 20:46:09,522 - INFO: 截图成功回调
2020-09-15 20:46:10,690 - INFO: 截图成功回调
2020-09-15 20:46:11,831 - INFO: 截图成功回调
2020-09-15 20:46:48,396 - INFO: 截图成功回调
2020-09-15 20:46:49,554 - INFO: 截图成功回调
2020-09-15 20:46:50,699 - INFO: 截图成功回调
2020-09-15 20:47:44,851 - INFO: 截图成功回调
2020-09-15 20:47:46,061 - INFO: 截图成功回调
2020-09-15 20:47:47,203 - INFO: 截图成功回调
2020-09-15 20:47:50,281 - INFO: 截图成功回调
2020-09-15 20:47:50,295 - INFO: 截图成功回调
2020-09-15 20:48:51,368 - INFO: 截图成功回调
2020-09-15 20:48:52,514 - INFO: 截图成功回调
2020-09-15 20:50:25,025 - INFO: 截图成功回调
2020-09-15 20:50:26,181 - INFO: 截图成功回调
2020-09-15 20:50:27,322 - INFO: 截图成功回调
2020-09-15 20:54:08,413 - INFO: 截图成功回调
2020-09-15 20:54:09,576 - INFO: 截图成功回调
2020-09-15 20:54:10,739 - INFO: 截图成功回调
2020-09-15 20:54:11,935 - INFO: 截图成功回调
2020-09-15 20:54:50,710 - INFO: 截图成功回调
2020-09-15 20:54:51,851 - INFO: 截图成功回调
